# JRE version: Java(TM) SE Runtime Environment (7.0_40-b43) (build 1.7.0_40-b43)
# Java VM: Java HotSpot(TM) 64-Bit Server VM (24.0-b56 mixed mode linux-amd64 compressed oops)
Heap
 PSYoungGen      total 34304K, used 25399K [0x00000000eb700000, 0x00000000edb00000, 0x0000000100000000)
  eden space 31744K, 72% used [0x00000000eb700000,0x00000000ecd534f8,0x00000000ed600000)
  from space 2560K, 99% used [0x00000000ed880000,0x00000000edafa960,0x00000000edb00000)
  to   space 2560K, 0% used [0x00000000ed600000,0x00000000ed600000,0x00000000ed880000)
 ParOldGen       total 41984K, used 1092K [0x00000000c2600000, 0x00000000c4f00000, 0x00000000eb700000)
  object space 41984K, 2% used [0x00000000c2600000,0x00000000c2711020,0x00000000c4f00000)
 PSPermGen       total 21504K, used 16770K [0x00000000bd400000, 0x00000000be900000, 0x00000000c2600000)
  object space 21504K, 77% used [0x00000000bd400000,0x00000000be460830,0x00000000be900000)
GC Heap History (4 events):
Event: 0,991 GC heap before
{Heap before GC invocations=1 (full 0):
 PSYoungGen      total 18432K, used 15872K [0x00000000eb700000, 0x00000000ecb80000, 0x0000000100000000)
  eden space 15872K, 100% used [0x00000000eb700000,0x00000000ec680000,0x00000000ec680000)
  from space 2560K, 0% used [0x00000000ec900000,0x00000000ec900000,0x00000000ecb80000)
  to   space 2560K, 0% used [0x00000000ec680000,0x00000000ec680000,0x00000000ec900000)
 ParOldGen       total 41984K, used 0K [0x00000000c2600000, 0x00000000c4f00000, 0x00000000eb700000)
  object space 41984K, 0% used [0x00000000c2600000,0x00000000c2600000,0x00000000c4f00000)
 PSPermGen       total 21504K, used 12795K [0x00000000bd400000, 0x00000000be900000, 0x00000000c2600000)
  object space 21504K, 59% used [0x00000000bd400000,0x00000000be07eca8,0x00000000be900000)
Event: 1,005 GC heap after
Heap after GC invocations=1 (full 0):
 PSYoungGen      total 18432K, used 2556K [0x00000000eb700000, 0x00000000edb00000, 0x0000000100000000)
  eden space 15872K, 0% used [0x00000000eb700000,0x00000000eb700000,0x00000000ec680000)
  from space 2560K, 99% used [0x00000000ec680000,0x00000000ec8ff160,0x00000000ec900000)
  to   space 2560K, 0% used [0x00000000ed880000,0x00000000ed880000,0x00000000edb00000)
 ParOldGen       total 41984K, used 88K [0x00000000c2600000, 0x00000000c4f00000, 0x00000000eb700000)
  object space 41984K, 0% used [0x00000000c2600000,0x00000000c2616000,0x00000000c4f00000)
 PSPermGen       total 21504K, used 12795K [0x00000000bd400000, 0x00000000be900000, 0x00000000c2600000)
  object space 21504K, 59% used [0x00000000bd400000,0x00000000be07eca8,0x00000000be900000)
}
Event: 1,754 GC heap before
{Heap before GC invocations=2 (full 0):
 PSYoungGen      total 18432K, used 18428K [0x00000000eb700000, 0x00000000edb00000, 0x0000000100000000)
  eden space 15872K, 100% used [0x00000000eb700000,0x00000000ec680000,0x00000000ec680000)
  from space 2560K, 99% used [0x00000000ec680000,0x00000000ec8ff160,0x00000000ec900000)
  to   space 2560K, 0% used [0x00000000ed880000,0x00000000ed880000,0x00000000edb00000)
 ParOldGen       total 41984K, used 88K [0x00000000c2600000, 0x00000000c4f00000, 0x00000000eb700000)
  object space 41984K, 0% used [0x00000000c2600000,0x00000000c2616000,0x00000000c4f00000)
 PSPermGen       total 21504K, used 14454K [0x00000000bd400000, 0x00000000be900000, 0x00000000c2600000)
  object space 21504K, 67% used [0x00000000bd400000,0x00000000be21d900,0x00000000be900000)
Event: 1,766 GC heap after
Heap after GC invocations=2 (full 0):
 PSYoungGen      total 34304K, used 2538K [0x00000000eb700000, 0x00000000edb00000, 0x0000000100000000)
  eden space 31744K, 0% used [0x00000000eb700000,0x00000000eb700000,0x00000000ed600000)
  from space 2560K, 99% used [0x00000000ed880000,0x00000000edafa960,0x00000000edb00000)
  to   space 2560K, 0% used [0x00000000ed600000,0x00000000ed600000,0x00000000ed880000)
 ParOldGen       total 41984K, used 1092K [0x00000000c2600000, 0x00000000c4f00000, 0x00000000eb700000)
  object space 41984K, 2% used [0x00000000c2600000,0x00000000c2711020,0x00000000c4f00000)
 PSPermGen       total 21504K, used 14454K [0x00000000bd400000, 0x00000000be900000, 0x00000000c2600000)
  object space 21504K, 67% used [0x00000000bd400000,0x00000000be21d900,0x00000000be900000)
}

